<?xml version="1.0" encoding="utf-8"?><testsuites name="pytest tests"><testsuite name="pytest" errors="0" failures="1" skipped="0" tests="11" time="5.672" timestamp="2026-04-26T16:34:24.571276+00:00" hostname="agent-env-1f4affc9-4b6e-47c0-b92b-c4354fffbe71"><testcase classname="backend.tests.test_batch1_e2e.TestDoctorsListing" name="test_doctors_returns_single_canonical" time="0.566" /><testcase classname="backend.tests.test_batch1_e2e.TestDoctorsListing" name="test_doctors_dept_filter_general" time="0.116" /><testcase classname="backend.tests.test_batch1_e2e.TestDoctorsListing" name="test_doctors_unknown_dept_empty" time="0.107"><failure message="AssertionError: assert [{'bio': 'Int...234f1c', ...}] == []&#10;  &#10;  Left contains one more item: {'bio': 'Internal medicine specialist focusing on preventive care, chronic conditions, and AI-assisted triage. 24/7 follow-up via Care AI.', 'department': 'general', 'experience_years': 12, 'id': 'user_5307b9234f1c', ...}&#10;  &#10;  Full diff:&#10;  - []&#10;  + [&#10;  +     {...&#10;  &#10;  ...Full output truncated (16 lines hidden), use '-vv' to show">backend/tests/test_batch1_e2e.py:88: in test_doctors_unknown_dept_empty
    assert r.json()["doctors"] == []
E   AssertionError: assert [{'bio': 'Int...234f1c', ...}] == []
E     
E     Left contains one more item: {'bio': 'Internal medicine specialist focusing on preventive care, chronic conditions, and AI-assisted triage. 24/7 follow-up via Care AI.', 'department': 'general', 'experience_years': 12, 'id': 'user_5307b9234f1c', ...}
E     
E     Full diff:
E     - []
E     + [
E     +     {...
E     
E     ...Full output truncated (16 lines hidden), use '-vv' to show</failure></testcase><testcase classname="backend.tests.test_batch1_e2e.TestAvailability" name="test_availability_shape_and_default_free" time="0.307" /><testcase classname="backend.tests.test_batch1_e2e.TestAvailability" name="test_booking_flips_availability" time="0.864" /><testcase classname="backend.tests.test_batch1_e2e.TestAppointmentsBatch1" name="test_appointment_persists_doctor_and_dept" time="0.497" /><testcase classname="backend.tests.test_batch1_e2e.TestAppointmentsBatch1" name="test_appointment_default_doctor_fallback" time="0.225" /><testcase classname="backend.tests.test_batch1_e2e.TestRegression" name="test_idrlapt_login_works" time="0.327" /><testcase classname="backend.tests.test_batch1_e2e.TestRegression" name="test_demo_patient_login" time="0.324" /><testcase classname="backend.tests.test_batch1_e2e.TestRegression" name="test_followup_text_message" time="2.110" /><testcase classname="backend.tests.test_batch1_e2e.TestRegression" name="test_whatsapp_webhook_text_path" time="0.123" /></testsuite></testsuites>