<?xml version="1.0" encoding="utf-8"?><testsuites name="pytest tests"><testsuite name="pytest" errors="0" failures="0" skipped="0" tests="10" time="11.938" timestamp="2026-04-21T18:13:27.967820+00:00" hostname="agent-env-1f4affc9-4b6e-47c0-b92b-c4354fffbe71"><testcase classname="backend.tests.test_care_ai.TestCareAIStart" name="test_start_unauth" time="0.803" /><testcase classname="backend.tests.test_care_ai.TestCareAIStart" name="test_start_404_for_unknown" time="0.085" /><testcase classname="backend.tests.test_care_ai.TestCareAIStart" name="test_start_returns_personalized_greeting" time="0.973" /><testcase classname="backend.tests.test_care_ai.TestCareAIMessage" name="test_message_continues_conversation" time="0.852" /><testcase classname="backend.tests.test_care_ai.TestCareAIMessage" name="test_history_returns_ordered" time="0.083" /><testcase classname="backend.tests.test_care_ai.TestCopilot" name="test_copilot_returns_clinical_suggestions" time="4.321" /><testcase classname="backend.tests.test_care_ai.TestCopilot" name="test_copilot_respects_penicillin_allergy" time="4.399" /><testcase classname="backend.tests.test_care_ai.TestSpeakerClassifier" name="test_patient_phrase" time="0.083" /><testcase classname="backend.tests.test_care_ai.TestSpeakerClassifier" name="test_doctor_phrase" time="0.081" /><testcase classname="backend.tests.test_care_ai.TestSpeakerClassifier" name="test_unauth" time="0.173" /></testsuite></testsuites>