<?xml version="1.0" encoding="utf-8"?><testsuites name="pytest tests"><testsuite name="pytest" errors="0" failures="0" skipped="1" tests="5" time="16.296" timestamp="2026-04-22T05:41:57.751199+00:00" hostname="agent-env-1f4affc9-4b6e-47c0-b92b-c4354fffbe71"><testcase classname="backend.tests.test_care_ai_iter4.TestCareAISummaryEndpoint" name="test_summary_before_any_chat" time="0.320" /><testcase classname="backend.tests.test_care_ai_iter4.TestCareAISummaryEndpoint" name="test_summary_unauth" time="0.161" /><testcase classname="backend.tests.test_care_ai_iter4.TestConversationContinuity" name="test_follow_ups_do_not_repeat_greeting" time="4.773" /><testcase classname="backend.tests.test_care_ai_iter4.TestEmergencyTriage" name="test_chest_pain_radiation_diaphoresis" time="5.604" /><testcase classname="backend.tests.test_care_ai_iter4.TestRoutineTriage" name="test_mild_headache_routine_triage" time="5.361"><skipped type="pytest.skip" message="Routine scenario did not finalize within 6 turns; not a regression">/app/backend/tests/test_care_ai_iter4.py:185: Routine scenario did not finalize within 6 turns; not a regression</skipped></testcase></testsuite></testsuites>