<?xml version="1.0" encoding="utf-8"?><testsuites name="pytest tests"><testsuite name="pytest" errors="0" failures="0" skipped="0" tests="16" time="15.778" timestamp="2026-04-22T07:41:21.056519+00:00" hostname="agent-env-1f4affc9-4b6e-47c0-b92b-c4354fffbe71"><testcase classname="backend.tests.test_iter6_auth_tts_lang.TestAuthRegistration" name="test_doctor_email_yields_role_doctor" time="0.875" /><testcase classname="backend.tests.test_iter6_auth_tts_lang.TestAuthRegistration" name="test_doctor_duplicate_register_409" time="0.137" /><testcase classname="backend.tests.test_iter6_auth_tts_lang.TestAuthRegistration" name="test_doctor_login_works" time="0.375" /><testcase classname="backend.tests.test_iter6_auth_tts_lang.TestAuthRegistration" name="test_patient_register_has_linked_patient_id" time="0.410" /><testcase classname="backend.tests.test_iter6_auth_tts_lang.TestAuthRegistration" name="test_patient_linked_patient_record_exists" time="0.118" /><testcase classname="backend.tests.test_iter6_auth_tts_lang.TestAuthRegistration" name="test_register_weak_password_400" time="0.118" /><testcase classname="backend.tests.test_iter6_auth_tts_lang.TestAuthRegistration" name="test_register_duplicate_email_409" time="0.134" /><testcase classname="backend.tests.test_iter6_auth_tts_lang.TestFollowupLanguage" name="test_hindi_reply_contains_devanagari" time="2.955" /><testcase classname="backend.tests.test_iter6_auth_tts_lang.TestFollowupLanguage" name="test_telugu_reply_contains_telugu_script" time="3.842" /><testcase classname="backend.tests.test_iter6_auth_tts_lang.TestFollowupLanguage" name="test_emergency_urgency_triage_still_parses" time="1.930" /><testcase classname="backend.tests.test_iter6_auth_tts_lang.TestTTS" name="test_tts_unauthenticated_401" time="0.144" /><testcase classname="backend.tests.test_iter6_auth_tts_lang.TestTTS" name="test_tts_empty_text_400" time="0.137" /><testcase classname="backend.tests.test_iter6_auth_tts_lang.TestTTS" name="test_tts_returns_mp3_audio" time="2.564" /><testcase classname="backend.tests.test_iter6_auth_tts_lang.TestReminderOwnership" name="test_patient_cannot_create_reminder_for_other" time="0.496" /><testcase classname="backend.tests.test_iter6_auth_tts_lang.TestReminderOwnership" name="test_patient_cannot_mark_or_delete_others_reminder" time="1.002" /><testcase classname="backend.tests.test_iter6_auth_tts_lang.TestReminderOwnership" name="test_doctor_can_create_mark_delete_any_reminder" time="0.339" /></testsuite></testsuites>