<?xml version="1.0" encoding="utf-8"?><testsuites name="pytest tests"><testsuite name="pytest" errors="0" failures="0" skipped="2" tests="23" time="30.141" timestamp="2026-04-26T15:38:13.238967+00:00" hostname="agent-env-1f4affc9-4b6e-47c0-b92b-c4354fffbe71"><testcase classname="tests.test_voice_iter7_regression.TestAuth" name="test_doctor_login" time="0.349"><skipped type="pytest.skip" message="idrlapt login 401: {&quot;detail&quot;:&quot;Invalid credentials&quot;} (using demo-doctor fallback for downstream tests)">/app/backend/tests/test_voice_iter7_regression.py:85: idrlapt login 401: {"detail":"Invalid credentials"} (using demo-doctor fallback for downstream tests)</skipped></testcase><testcase classname="tests.test_voice_iter7_regression.TestAuth" name="test_demo_doctor_legacy" time="0.107" /><testcase classname="tests.test_voice_iter7_regression.TestAuth" name="test_patient_login" time="0.349" /><testcase classname="tests.test_voice_iter7_regression.TestWhatsAppMedia" name="test_media_404_for_unknown_id" time="0.109" /><testcase classname="tests.test_voice_iter7_regression.TestWhatsAppMedia" name="test_media_200_no_auth" time="0.140" /><testcase classname="tests.test_voice_iter7_regression.TestWhatsAppWebhook" name="test_unlinked_number" time="0.140" /><testcase classname="tests.test_voice_iter7_regression.TestWhatsAppWebhook" name="test_text_path_for_linked_demo" time="1.703" /><testcase classname="tests.test_voice_iter7_regression.TestWhatsAppWebhook" name="test_unreachable_media_url" time="0.249" /><testcase classname="tests.test_voice_iter7_regression.TestWhatsAppVoiceE2E" name="test_full_voice_pipeline" time="7.122" /><testcase classname="tests.test_voice_iter7_regression.TestWhatsAppConnect" name="test_connect_start_no_auth" time="8.613" /><testcase classname="tests.test_voice_iter7_regression.TestWhatsAppConnect" name="test_connect_verify_no_auth" time="0.142" /><testcase classname="tests.test_voice_iter7_regression.TestWhatsAppConnect" name="test_disconnect_no_auth" time="0.107" /><testcase classname="tests.test_voice_iter7_regression.TestWhatsAppConnect" name="test_connect_start_bad_input" time="0.479" /><testcase classname="tests.test_voice_iter7_regression.TestTranscribeEndpoint" name="test_transcribe_audio" time="3.656" /><testcase classname="tests.test_voice_iter7_regression.TestTTS" name="test_tts_returns_mp3" time="1.931" /><testcase classname="tests.test_voice_iter7_regression.TestFollowupMessage" name="test_text_path_creates_chat" time="2.450" /><testcase classname="tests.test_voice_iter7_regression.TestCareAI" name="test_start_and_message" time="1.595"><skipped type="pytest.skip" message="no session id returned">/app/backend/tests/test_voice_iter7_regression.py:291: no session id returned</skipped></testcase><testcase classname="tests.test_voice_iter7_regression.TestConsultations" name="test_list_patients_and_create_consult" time="0.117" /><testcase classname="tests.test_voice_iter7_regression.TestMiscRegression" name="test_appointments_list" time="0.124" /><testcase classname="tests.test_voice_iter7_regression.TestMiscRegression" name="test_reminders_list" time="0.123" /><testcase classname="tests.test_voice_iter7_regression.TestMiscRegression" name="test_lab_results" time="0.107" /><testcase classname="tests.test_voice_iter7_regression.TestMiscRegression" name="test_messages_threads" time="0.111" /><testcase classname="tests.test_voice_iter7_regression.TestMiscRegression" name="test_analytics" time="0.115" /></testsuite></testsuites>