<?xml version="1.0" encoding="utf-8"?><testsuites name="pytest tests"><testsuite name="pytest" errors="0" failures="0" skipped="0" tests="15" time="9.524" timestamp="2026-04-22T07:06:34.581343+00:00" hostname="agent-env-1f4affc9-4b6e-47c0-b92b-c4354fffbe71"><testcase classname="backend.tests.test_phase2_p0.TestEmailPasswordAuth" name="test_register_then_me" time="0.586" /><testcase classname="backend.tests.test_phase2_p0.TestEmailPasswordAuth" name="test_register_duplicate_email_returns_409" time="0.513" /><testcase classname="backend.tests.test_phase2_p0.TestEmailPasswordAuth" name="test_register_weak_password_rejected" time="0.150" /><testcase classname="backend.tests.test_phase2_p0.TestEmailPasswordAuth" name="test_login_success_and_bad_password" time="1.045" /><testcase classname="backend.tests.test_phase2_p0.TestFollowup" name="test_emergency_creates_alert" time="2.420" /><testcase classname="backend.tests.test_phase2_p0.TestFollowup" name="test_history_persisted_in_order" time="0.050" /><testcase classname="backend.tests.test_phase2_p0.TestFollowup" name="test_alerts_list_doctor_only" time="0.234" /><testcase classname="backend.tests.test_phase2_p0.TestFollowup" name="test_resolve_alert" time="0.094" /><testcase classname="backend.tests.test_phase2_p0.TestFollowupRoleScoping" name="test_patient_cannot_post_to_other_patient" time="0.055" /><testcase classname="backend.tests.test_phase2_p0.TestFollowupRoleScoping" name="test_patient_can_post_to_own" time="3.535" /><testcase classname="backend.tests.test_phase2_p0.TestFollowupRoleScoping" name="test_patient_cannot_read_others_history" time="0.057" /><testcase classname="backend.tests.test_phase2_p0.TestReminders" name="test_reminder_lifecycle" time="0.313" /><testcase classname="backend.tests.test_phase2_p0.TestReminders" name="test_patient_sees_only_own_reminders" time="0.143" /><testcase classname="backend.tests.test_phase2_p0.TestUnauth" name="test_followup_alerts_requires_auth" time="0.129" /><testcase classname="backend.tests.test_phase2_p0.TestUnauth" name="test_reminders_requires_auth" time="0.110" /></testsuite></testsuites>