<?xml version="1.0" encoding="utf-8"?><testsuites name="pytest tests"><testsuite name="pytest" errors="0" failures="0" skipped="0" tests="21" time="6.061" timestamp="2026-04-21T15:39:50.885089+00:00" hostname="agent-env-1f4affc9-4b6e-47c0-b92b-c4354fffbe71"><testcase classname="backend.tests.backend_test.TestHealth" name="test_root" time="0.225" /><testcase classname="backend.tests.backend_test.TestAuth" name="test_demo_doctor_creates_session" time="0.142" /><testcase classname="backend.tests.backend_test.TestAuth" name="test_demo_patient_creates_session" time="0.303" /><testcase classname="backend.tests.backend_test.TestAuth" name="test_me_with_bearer" time="0.055" /><testcase classname="backend.tests.backend_test.TestAuth" name="test_me_unauth_returns_401" time="0.138" /><testcase classname="backend.tests.backend_test.TestAuth" name="test_protected_endpoints_401_without_auth" time="0.809" /><testcase classname="backend.tests.backend_test.TestAuth" name="test_logout" time="0.325" /><testcase classname="backend.tests.backend_test.TestAuth" name="test_set_role" time="0.132" /><testcase classname="backend.tests.backend_test.TestAuth" name="test_patient_role_isolation" time="0.061" /><testcase classname="backend.tests.backend_test.TestSeed" name="test_seed_idempotent" time="0.310" /><testcase classname="backend.tests.backend_test.TestAppointments" name="test_list_appointments" time="0.069" /><testcase classname="backend.tests.backend_test.TestAppointments" name="test_create_and_update_appointment" time="0.231" /><testcase classname="backend.tests.backend_test.TestMessages" name="test_threads_and_thread" time="0.125" /><testcase classname="backend.tests.backend_test.TestMessages" name="test_create_message" time="0.117" /><testcase classname="backend.tests.backend_test.TestPharmacy" name="test_pharmacy_prescriptions" time="0.059" /><testcase classname="backend.tests.backend_test.TestLab" name="test_lab_results_with_flags" time="0.065" /><testcase classname="backend.tests.backend_test.TestLab" name="test_create_lab_autoflags" time="0.121" /><testcase classname="backend.tests.backend_test.TestAnalytics" name="test_analytics" time="0.061" /><testcase classname="backend.tests.backend_test.TestVoice" name="test_transcribe_too_small" time="0.068" /><testcase classname="backend.tests.backend_test.TestVoice" name="test_transcribe_too_large" time="1.427" /><testcase classname="backend.tests.backend_test.TestVoice" name="test_transcribe_real_audio" time="1.144" /></testsuite></testsuites>