<?xml version="1.0" encoding="utf-8"?><testsuites name="pytest tests"><testsuite name="pytest" errors="0" failures="1" skipped="0" tests="31" time="17.401" timestamp="2026-04-22T05:42:21.499427+00:00" hostname="agent-env-1f4affc9-4b6e-47c0-b92b-c4354fffbe71"><testcase classname="backend.tests.test_care_ai.TestCareAIStart" name="test_start_unauth" time="0.435" /><testcase classname="backend.tests.test_care_ai.TestCareAIStart" name="test_start_404_for_unknown" time="0.055" /><testcase classname="backend.tests.test_care_ai.TestCareAIStart" name="test_start_returns_personalized_greeting" time="1.011" /><testcase classname="backend.tests.test_care_ai.TestCareAIMessage" name="test_message_continues_conversation" time="1.197" /><testcase classname="backend.tests.test_care_ai.TestCareAIMessage" name="test_history_returns_ordered" time="0.054" /><testcase classname="backend.tests.test_care_ai.TestCopilot" name="test_copilot_returns_clinical_suggestions" time="6.761" /><testcase classname="backend.tests.test_care_ai.TestCopilot" name="test_copilot_respects_penicillin_allergy" time="2.957" /><testcase classname="backend.tests.test_care_ai.TestSpeakerClassifier" name="test_patient_phrase" time="0.053" /><testcase classname="backend.tests.test_care_ai.TestSpeakerClassifier" name="test_doctor_phrase" time="0.056" /><testcase classname="backend.tests.test_care_ai.TestSpeakerClassifier" name="test_unauth" time="0.165" /><testcase classname="backend.tests.backend_test.TestHealth" name="test_root" time="0.105" /><testcase classname="backend.tests.backend_test.TestAuth" name="test_demo_doctor_creates_session" time="0.119" /><testcase classname="backend.tests.backend_test.TestAuth" name="test_demo_patient_creates_session" time="0.259" /><testcase classname="backend.tests.backend_test.TestAuth" name="test_me_with_bearer" time="0.057" /><testcase classname="backend.tests.backend_test.TestAuth" name="test_me_unauth_returns_401" time="0.103" /><testcase classname="backend.tests.backend_test.TestAuth" name="test_protected_endpoints_401_without_auth" time="0.617" /><testcase classname="backend.tests.backend_test.TestAuth" name="test_logout" time="0.252" /><testcase classname="backend.tests.backend_test.TestAuth" name="test_set_role" time="0.114" /><testcase classname="backend.tests.backend_test.TestAuth" name="test_patient_role_isolation" time="0.047" /><testcase classname="backend.tests.backend_test.TestSeed" name="test_seed_idempotent" time="0.255" /><testcase classname="backend.tests.backend_test.TestAppointments" name="test_list_appointments" time="0.054"><failure message="assert False&#10; +  where False = all(&lt;generator object TestAppointments.test_list_appointments.&lt;locals&gt;.&lt;genexpr&gt; at 0xfe796ecd3370&gt;)">E   assert False
     +  where False = all(&lt;generator object TestAppointments.test_list_appointments.&lt;locals&gt;.&lt;genexpr&gt; at 0xfe796ecd3370&gt;)</failure></testcase><testcase classname="backend.tests.backend_test.TestAppointments" name="test_create_and_update_appointment" time="0.160" /><testcase classname="backend.tests.backend_test.TestMessages" name="test_threads_and_thread" time="0.113" /><testcase classname="backend.tests.backend_test.TestMessages" name="test_create_message" time="0.105" /><testcase classname="backend.tests.backend_test.TestPharmacy" name="test_pharmacy_prescriptions" time="0.054" /><testcase classname="backend.tests.backend_test.TestLab" name="test_lab_results_with_flags" time="0.054" /><testcase classname="backend.tests.backend_test.TestLab" name="test_create_lab_autoflags" time="0.102" /><testcase classname="backend.tests.backend_test.TestAnalytics" name="test_analytics" time="0.053" /><testcase classname="backend.tests.backend_test.TestVoice" name="test_transcribe_too_small" time="0.054" /><testcase classname="backend.tests.backend_test.TestVoice" name="test_transcribe_too_large" time="0.878" /><testcase classname="backend.tests.backend_test.TestVoice" name="test_transcribe_real_audio" time="1.019" /></testsuite></testsuites>