<?xml version="1.0" encoding="utf-8"?><testsuites name="pytest tests"><testsuite name="pytest" errors="0" failures="1" skipped="0" tests="21" time="5.147" timestamp="2026-04-21T18:13:44.086916+00:00" hostname="agent-env-1f4affc9-4b6e-47c0-b92b-c4354fffbe71"><testcase classname="backend.tests.backend_test.TestHealth" name="test_root" time="0.145" /><testcase classname="backend.tests.backend_test.TestAuth" name="test_demo_doctor_creates_session" time="0.124" /><testcase classname="backend.tests.backend_test.TestAuth" name="test_demo_patient_creates_session" time="0.280" /><testcase classname="backend.tests.backend_test.TestAuth" name="test_me_with_bearer" time="0.054" /><testcase classname="backend.tests.backend_test.TestAuth" name="test_me_unauth_returns_401" time="0.161" /><testcase classname="backend.tests.backend_test.TestAuth" name="test_protected_endpoints_401_without_auth" time="0.804" /><testcase classname="backend.tests.backend_test.TestAuth" name="test_logout" time="0.378" /><testcase classname="backend.tests.backend_test.TestAuth" name="test_set_role" time="0.101" /><testcase classname="backend.tests.backend_test.TestAuth" name="test_patient_role_isolation" time="0.075" /><testcase classname="backend.tests.backend_test.TestSeed" name="test_seed_idempotent" time="0.244" /><testcase classname="backend.tests.backend_test.TestAppointments" name="test_list_appointments" time="0.055"><failure message="assert False&#10; +  where False = all(&lt;generator object TestAppointments.test_list_appointments.&lt;locals&gt;.&lt;genexpr&gt; at 0xfd49be932cf0&gt;)">backend/tests/backend_test.py:145: in test_list_appointments
    assert all(i["patient_name"] != "Unknown" for i in items)
E   assert False
E    +  where False = all(&lt;generator object TestAppointments.test_list_appointments.&lt;locals&gt;.&lt;genexpr&gt; at 0xfd49be932cf0&gt;)</failure></testcase><testcase classname="backend.tests.backend_test.TestAppointments" name="test_create_and_update_appointment" time="0.158" /><testcase classname="backend.tests.backend_test.TestMessages" name="test_threads_and_thread" time="0.112" /><testcase classname="backend.tests.backend_test.TestMessages" name="test_create_message" time="0.103" /><testcase classname="backend.tests.backend_test.TestPharmacy" name="test_pharmacy_prescriptions" time="0.058" /><testcase classname="backend.tests.backend_test.TestLab" name="test_lab_results_with_flags" time="0.057" /><testcase classname="backend.tests.backend_test.TestLab" name="test_create_lab_autoflags" time="0.103" /><testcase classname="backend.tests.backend_test.TestAnalytics" name="test_analytics" time="0.054" /><testcase classname="backend.tests.backend_test.TestVoice" name="test_transcribe_too_small" time="0.065" /><testcase classname="backend.tests.backend_test.TestVoice" name="test_transcribe_too_large" time="1.178" /><testcase classname="backend.tests.backend_test.TestVoice" name="test_transcribe_real_audio" time="0.744" /></testsuite></testsuites>